2020-03-22 16:28:02,589 INFO [root][__init__.py(<module>:4)]-测试日志能否打印2
2020-03-22 16:28:02,973 INFO [root][login_params.py(test01_login:22)]-参数化登陆的结果为{'success': True, 'code': 10000, 'message': '操作成功！', 'data': '7b9769ee-bc39-4255-850c-d6789b32d9b6'}
2020-03-22 16:28:03,084 INFO [root][login_params.py(test01_login:22)]-参数化登陆的结果为{'success': False, 'code': 20001, 'message': '用户名或密码错误', 'data': None}
2020-03-22 16:28:03,197 INFO [root][login_params.py(test01_login:22)]-参数化登陆的结果为{'success': False, 'code': 20001, 'message': '用户名或密码错误', 'data': None}
2020-03-22 16:28:03,316 INFO [root][login_params.py(test01_login:22)]-参数化登陆的结果为{'success': False, 'code': 20001, 'message': '用户名或密码错误', 'data': None}
2020-03-22 16:28:03,418 INFO [root][login_params.py(test01_login:22)]-参数化登陆的结果为{'success': False, 'code': 20001, 'message': '用户名或密码错误', 'data': None}
2020-03-22 16:28:03,627 INFO [root][employee_params.py(test01_login_success:24)]-员工模块登录结果为:{'success': True, 'code': 10000, 'message': '操作成功！', 'data': '5f446ec6-c82e-4740-98e6-137b39a9e73e'}
2020-03-22 16:28:03,627 INFO [root][employee_params.py(test01_login_success:24)]-员工模块登录结果为:{'success': True, 'code': 10000, 'message': '操作成功！', 'data': '5f446ec6-c82e-4740-98e6-137b39a9e73e'}
2020-03-22 16:28:03,627 INFO [root][employee_params.py(test01_login_success:26)]-取出令牌为Bearer 5f446ec6-c82e-4740-98e6-137b39a9e73e
2020-03-22 16:28:03,627 INFO [root][employee_params.py(test01_login_success:26)]-取出令牌为Bearer 5f446ec6-c82e-4740-98e6-137b39a9e73e
2020-03-22 16:28:03,628 INFO [root][employee_params.py(test01_login_success:29)]-员工请求模块为:{'Content-Type': 'application/json', 'Authorization': 'Bearer 5f446ec6-c82e-4740-98e6-137b39a9e73e'}
2020-03-22 16:28:03,628 INFO [root][employee_params.py(test01_login_success:29)]-员工请求模块为:{'Content-Type': 'application/json', 'Authorization': 'Bearer 5f446ec6-c82e-4740-98e6-137b39a9e73e'}
2020-03-22 16:28:03,738 INFO [root][employee_params.py(test03_add_emp:34)]-添加员工接口结果为:{'success': True, 'code': 10000, 'message': '操作成功！', 'data': {'id': '1241642786192969728'}}
2020-03-22 16:28:03,738 INFO [root][employee_params.py(test03_add_emp:34)]-添加员工接口结果为:{'success': True, 'code': 10000, 'message': '操作成功！', 'data': {'id': '1241642786192969728'}}
2020-03-22 16:28:03,738 INFO [root][employee_params.py(test03_add_emp:39)]-保存的员工ID为:1241642786192969728
2020-03-22 16:28:03,738 INFO [root][employee_params.py(test03_add_emp:39)]-保存的员工ID为:1241642786192969728
2020-03-22 16:28:03,840 INFO [root][employee_params.py(test04_query:45)]-查询员工结果为:{'success': True, 'code': 10000, 'message': '操作成功！', 'data': {'id': '1241642786192969728', 'mobile': '12356789431', 'username': '井冈山xxxx001', 'password': 'f515459854b2beea1fb2c5e5b736f4b7', 'enableState': 1, 'createTime': None, 'companyId': '1', 'companyName': '传智播客', 'departmentId': '1205026005332635648', 'timeOfEntry': '2020-02-01T00:00:00.000+0000', 'formOfEmployment': 1, 'workNumber': None, 'formOfManagement': None, 'workingCity': None, 'correctionTime': '2020-02-03T16:00:00.000+0000', 'inServiceStatus': None, 'departmentName': '酱油2部', 'roleIds': [], 'staffPhoto': None}}
2020-03-22 16:28:03,840 INFO [root][employee_params.py(test04_query:45)]-查询员工结果为:{'success': True, 'code': 10000, 'message': '操作成功！', 'data': {'id': '1241642786192969728', 'mobile': '12356789431', 'username': '井冈山xxxx001', 'password': 'f515459854b2beea1fb2c5e5b736f4b7', 'enableState': 1, 'createTime': None, 'companyId': '1', 'companyName': '传智播客', 'departmentId': '1205026005332635648', 'timeOfEntry': '2020-02-01T00:00:00.000+0000', 'formOfEmployment': 1, 'workNumber': None, 'formOfManagement': None, 'workingCity': None, 'correctionTime': '2020-02-03T16:00:00.000+0000', 'inServiceStatus': None, 'departmentName': '酱油2部', 'roleIds': [], 'staffPhoto': None}}
2020-03-22 16:28:03,946 INFO [root][employee_params.py(test05_modify:66)]-修改员工结果为:{'success': True, 'code': 10000, 'message': '操作成功！', 'data': {'id': '1241642786192969728'}}
2020-03-22 16:28:03,946 INFO [root][employee_params.py(test05_modify:66)]-修改员工结果为:{'success': True, 'code': 10000, 'message': '操作成功！', 'data': {'id': '1241642786192969728'}}
2020-03-22 16:28:04,052 INFO [root][employee_params.py(test06_delete:72)]-删除员工结果为:{'success': True, 'code': 10000, 'message': '操作成功！', 'data': None}
2020-03-22 16:28:04,052 INFO [root][employee_params.py(test06_delete:72)]-删除员工结果为:{'success': True, 'code': 10000, 'message': '操作成功！', 'data': None}
